4.906 
4.872 
4.675 
4.801 
4.963 
4.793 
4.839 
4.748 
4.843 
4.860 
4.837 
4.833 
4.920 
4.748 
4.738 
4.847 
4.892 
4.820 
4.746 
4.798 
4.792 
4.854 
4.868 
4.925 
4.761 
4.789 
4.878 
4.864 
4.824 
4.917 
4.832 
4.759 
4.815 
4.928 
4.768 
4.867 
4.877 
4.924 
4.868 
4.859 
4.858 
4.906 
4.791 
4.832 
4.881 
4.748 
4.884 
4.698 
4.866 
4.783 
4.801 
4.820 
4.811 
4.807 
4.793 
4.742 
4.834 
4.745 
4.850 
4.778 
4.817 
4.721 
4.760 
4.730 
4.724 
4.676 
4.726 
4.717 
4.639 
4.662 
4.706 
4.682 
4.597 
4.678 
4.686 
4.826 
5.052 
5.302 
5.710 
6.337 
6.391 
6.529 
6.719 
7.591 
7.173 
6.786 
6.802 
5.322 
6.098 
5.207 
4.993 
5.026 
4.767 
4.780 
4.781 
4.799 
4.821 
5.619 
7.560 
6.388 
6.159 
5.517 
4.693 
4.854 
4.699 
4.659 
4.755 
4.675 
4.688 
4.841 
5.002 
5.726 
32.880 
1938.536 
205510.562 
13608865.000 
1449661056.000 
111985147904.000 
82622931795968.000 
132656653416792064.000 
6044713607768309760.000 
2422224940624248832.000 
427693240259377627136.000 
1851853970910216192.000 
