1.202264434617413e-07
1.4454397707459276e-07
1.7378008287493757e-07
2.0892961308540398e-07
2.5118864315095807e-07
3.019951720402017e-07
3.6307805477010147e-07
4.3651583224016615e-07
5.248074602497729e-07
6.309573444801936e-07
7.585775750291842e-07
9.120108393559103e-07
1.0964781961431857e-06
1.318256738556408e-06
1.5848931924611147e-06
1.9054607179632488e-06
2.290867652767775e-06
2.754228703338169e-06
3.311311214825914e-06
3.981071705534977e-06
4.7863009232263885e-06
5.754399373371575e-06
6.918309709189372e-06
8.31763771102672e-06
1.0000000000000011e-05
1.2022644346174142e-05
1.445439770745929e-05
1.7378008287493774e-05
2.089296130854042e-05
2.5118864315095832e-05
3.01995172040202e-05
3.630780547701018e-05
4.3651583224016654e-05
5.248074602497733e-05
6.309573444801941e-05
7.58577575029185e-05
9.120108393559111e-05
0.00010964781961431868
0.00013182567385564093
0.0001584893192461116
0.00019054607179632503
0.0002290867652767777
0.0002754228703338171
0.00033113112148259164
0.00039810717055349795
0.0004786300923226392
0.0005754399373371579
0.0006918309709189377
0.0008317637711026725
0.0010000000000000018
0.001202264434617415
0.00144543977074593
0.0017378008287493784
0.002089296130854043
0.002511886431509584
0.0030199517204020213
0.0036307805477010196
0.004365158322401667
0.005248074602497735
0.006309573444801943
0.007585775750291851
0.009120108393559114
0.010964781961431871
0.013182567385564097
0.015848931924611166
0.019054607179632508
0.022908676527677776
0.02754228703338172
0.033113112148259176
0.039810717055349804
0.04786300923226393
0.057543993733715805
0.06918309709189378
0.08317637711026726
0.1000000000000002
0.12022644346174154
0.14454397707459304
0.1737800828749379
0.2089296130854044
0.25118864315095857
0.3019951720402023
0.3630780547701022
0.436515832240167
0.5248074602497739
0.6309573444801948
0.7585775750291857
0.9120108393559121
1.096478196143188
1.3182567385564108
1.584893192461118
1.9054607179632528
2.29086765276778
2.7542287033381747
3.311311214825921
3.9810717055349847
4.786300923226398
5.754399373371587
6.918309709189387
8.317637711026737
10.000000000000034
12.02264434617417
14.454397707459325
17.378008287493817
20.89296130854047
25.118864315095895
30.199517204020275
36.30780547701027
43.65158322401676
52.480746024977456
63.09573444801956
75.85775750291866
91.20108393559131
109.64781961431892
131.8256738556412
158.48931924611196
190.54607179632546
229.0867652767782
275.42287033381774
331.13112148259245
398.1071705534989
478.63009232264034
575.4399373371593
691.8309709189394
831.7637711026746
