1.2302687708123815e-07
1.5135612484362083e-07
1.8620871366628677e-07
2.2908676527677735e-07
2.8183829312644544e-07
3.4673685045253175e-07
4.265795188015928e-07
5.248074602497729e-07
6.456542290346559e-07
7.943282347242821e-07
9.772372209558115e-07
1.202264434617414e-06
1.479108388168209e-06
1.8197008586099855e-06
2.2387211385683422e-06
2.7542287033381697e-06
3.3884415613920296e-06
4.168693834703359e-06
5.128613839913655e-06
6.309573444801941e-06
7.762471166286928e-06
9.549925860214372e-06
1.1748975549395313e-05
1.4454397707459297e-05
1.7782794100389256e-05
2.1877616239495563e-05
2.6915348039269204e-05
3.311311214825917e-05
4.073802778041135e-05
5.0118723362727326e-05
6.165950018614835e-05
7.585775750291855e-05
9.332543007969932e-05
0.00011481536214968854
0.00014125375446227576
0.00017378008287493796
0.00021379620895022373
0.00026302679918953885
0.0003235936569296291
0.0003981071705534983
0.0004897788193684475
0.0006025595860743594
0.0007413102413009196
0.0009120108393559123
0.0011220184543019667
0.001380384264602889
0.0016982436524617497
0.002089296130854046
0.002570395782768872
0.0031622776601683894
0.0038904514499428187
0.004786300923226399
0.00588843655355591
0.007244359600749926
0.008912509381337487
0.010964781961431889
0.013489628825916585
0.016595869074375668
0.02041737944669537
0.0251188643150959
0.030902954325136026
0.03801893963205627
0.04677351412872001
0.05754399373371593
0.0707945784384141
0.08709635899560844
0.10715193052376111
0.13182567385564128
0.16218100973589372
0.19952623149688886
0.24547089156850416
0.30199517204020304
0.3715352290971743
0.45708818961487724
0.5623413251903518
0.69183097091894
0.8511380382023808
1.047128548050905
1.2882495516931407
1.5848931924611218
1.9498445997580558
2.3988329190195037
2.951209226666402
3.630780547701034
4.466835921509657
5.495408738576277
6.7608297539198565
8.317637711026759
10.232929922807601
12.589254117941747
15.488166189124907
19.05460717963259
23.442288153199367
28.84031503126624
35.48133892335777
43.651583224016875
53.70317963702562
66.06934480076004
81.28305161641046
100.00000000000067
123.02687708123898
151.35612484362184
186.20871366628802
229.0867652767789
281.83829312644735
346.7368504525341
426.5795188015957
524.8074602497765
645.6542290346603
794.3282347242874
977.2372209558181
1202.264434617422
1479.1083881682187
1819.7008586099973
