4.676 
4.713 
4.835 
4.760 
4.789 
4.755 
4.698 
4.716 
4.724 
4.637 
4.806 
4.723 
4.766 
4.749 
4.763 
4.779 
4.698 
4.861 
4.764 
4.841 
4.787 
4.730 
4.743 
4.734 
4.769 
4.751 
4.703 
4.691 
4.690 
4.724 
4.661 
4.745 
4.569 
4.672 
4.715 
4.705 
4.807 
4.757 
4.681 
4.775 
4.707 
4.768 
4.703 
4.665 
4.765 
4.730 
4.629 
4.732 
4.702 
4.637 
4.710 
4.685 
4.615 
4.627 
4.634 
4.594 
4.612 
4.606 
4.703 
4.726 
4.700 
4.905 
4.840 
4.763 
4.911 
4.965 
5.095 
5.070 
5.151 
5.126 
5.397 
5.684 
5.970 
6.280 
5.796 
6.344 
6.590 
6.095 
6.735 
6.286 
5.705 
6.366 
5.507 
6.582 
4.749 
4.684 
4.652 
4.625 
5.232 
5.107 
4.792 
4.761 
4.692 
4.754 
5.048 
4.890 
4.935 
5.119 
5.618 
7.339 
6.283 
34.159 
2454.485 
2310029.000 
6295645.500 
211833328.000 
39242260480.000 
4072832499712.000 
661774265221120.000 
207857003874222080.000 
13142378923922817024.000 
118596108240914005098496.000 
116370326945792.000 
1733676674450456576.000 
